[2025-06-10 11:03:15] Refreshed drive information.
[2025-06-10 11:03:40] Failed to shrink D: Resize-Partition : Access to a CIM resource was not available to the client.
At line:5 char:9
+         Resize-Partition -DriveLetter D -Size ($part.Size - $sizeToSh ...
+         ~~~~~~~~~~~~~~~~~~~~~~~~~~~~~~~~~~~~~~~~~~~~~~~~~~~~~~~~~~~~~
    + CategoryInfo          : PermissionDenied: (MSFT_Partition .../Windows/St...):ROOT/Microsoft/.../MSFT_Partition) [Resize-Partition], CimException
    + FullyQualifiedErrorId : MI RESULT 2,Resize-Partition
 

[2025-06-10 11:05:00] Refreshed drive information.
[2025-06-10 11:05:22] Failed to shrink D: Resize-Partition : Access to a CIM resource was not available to the client.
At line:5 char:9
+         Resize-Partition -DriveLetter D -Size ($part.Size - $sizeToSh ...
+         ~~~~~~~~~~~~~~~~~~~~~~~~~~~~~~~~~~~~~~~~~~~~~~~~~~~~~~~~~~~~~
    + CategoryInfo          : PermissionDenied: (MSFT_Partition .../Windows/St...):ROOT/Microsoft/.../MSFT_Partition) [Resize-Partition], CimException
    + FullyQualifiedErrorId : MI RESULT 2,Resize-Partition
 

[2025-06-10 11:09:23] Refreshed drive information.
[2025-06-10 11:09:34] Failed to merge unallocated space into D: Get-PartitionSupportedSize : Access to a CIM resource was not available to the client.
At line:5 char:56
+ ... ze ($disk | Get-PartitionSupportedSize -PartitionNumber $partition.Pa ...
+                 ~~~~~~~~~~~~~~~~~~~~~~~~~~~~~~~~~~~~~~~~~~~~~~~~~~~~~~~~~
    + CategoryInfo          : PermissionDenied: (MSFT_Partition .../Windows/St...):ROOT/Microsoft/.../MSFT_Partition) [Get-PartitionSupportedSize], CimException
    + FullyQualifiedErrorId : MI RESULT 2,Get-PartitionSupportedSize
 
Resize-Partition : Access to a CIM resource was not available to the client.
At line:5 char:9
+         Resize-Partition -DriveLetter D -Size ($disk | Get-PartitionS ...
+         ~~~~~~~~~~~~~~~~~~~~~~~~~~~~~~~~~~~~~~~~~~~~~~~~~~~~~~~~~~~~~
    + CategoryInfo          : PermissionDenied: (MSFT_Partition .../Windows/St...):ROOT/Microsoft/.../MSFT_Partition) [Resize-Partition], CimException
    + FullyQualifiedErrorId : MI RESULT 2,Resize-Partition
[2025-06-17 19:39:53] Refreshed drive information.
[2025-06-17 19:40:29] Refreshed drive information.
[2025-06-17 19:40:56] Refreshed drive information.
[2025-06-17 19:41:07] Refreshed drive information.
[2025-06-17 19:41:10] Refreshed drive information.
[2025-06-17 19:41:12] Refreshed drive information.
[2025-06-17 19:41:23] Refreshed drive information.
[2025-06-20 12:05:49] Refreshed drive information.
[2025-06-20 12:16:53] Refreshed drive information.
[2025-06-20 12:17:29] Shrunk D: by 2048MB.
[2025-06-20 12:17:35] Refreshed drive information.
[2025-06-20 12:17:38] Refreshed drive information.
[2025-06-20 12:21:22] Refreshed drive information.
[2025-06-20 12:21:35] Refreshed drive information.
[2025-06-20 12:21:56] Refreshed drive information.
[2025-06-20 12:22:04] Refreshed drive information.
[2025-06-20 12:26:43] Refreshed drive information.
[2025-06-20 12:26:50] Refreshed drive information.
[2025-06-20 12:30:02] Refreshed drive information.
[2025-06-20 12:30:11] Failed to format E: Format-Volume : A positional parameter cannot be found that accepts argument '/Q'.
At line:1 char:1
+ Format-Volume -DriveLetter 'E' -FileSystem NTFS -NewFileSystemLabel ' ...
+ ~~~~~~~~~~~~~~~~~~~~~~~~~~~~~~~~~~~~~~~~~~~~~~~~~~~~~~~~~~~~~~~~~~~~~
    + CategoryInfo          : InvalidArgument: (:) [Format-Volume], ParameterBindingException
    + FullyQualifiedErrorId : PositionalParameterNotFound,Format-Volume
 

[2025-06-20 12:31:29] Failed to refresh drive info: PowerShell failed: 
[2025-06-20 12:31:51] Refreshed drive information.
[2025-06-20 12:32:26] Refreshed drive information.
[2025-06-20 12:32:46] Failed to format E: Format-Volume : A positional parameter cannot be found that accepts argument '/Q'.
At line:1 char:1
+ Format-Volume -DriveLetter 'E' -FileSystem NTFS -NewFileSystemLabel ' ...
+ ~~~~~~~~~~~~~~~~~~~~~~~~~~~~~~~~~~~~~~~~~~~~~~~~~~~~~~~~~~~~~~~~~~~~~
    + CategoryInfo          : InvalidArgument: (:) [Format-Volume], ParameterBindingException
    + FullyQualifiedErrorId : PositionalParameterNotFound,Format-Volume
 

[2025-06-20 12:35:47] Refreshed drive information.
[2025-06-20 12:36:04] Failed to format E: Format-Volume : A parameter cannot be found that matches parameter name 'Quick'.
At line:1 char:86
+ ...  -FileSystem NTFS -NewFileSystemLabel 'FormattedDrive' -Quick -Confir ...
+                                                            ~~~~~~
    + CategoryInfo          : InvalidArgument: (:) [Format-Volume], ParameterBindingException
    + FullyQualifiedErrorId : NamedParameterNotFound,Format-Volume
 

[2025-06-20 12:38:19] Refreshed drive information.
[2025-06-20 12:38:41] Formatted E: filesystem=NTFS, quick=True, label=FormattedDrive
[2025-06-20 12:39:02] Refreshed drive information.
[2025-06-20 12:39:20] Refreshed drive information.
[2025-06-20 12:40:51] Refreshed drive information.
[2025-06-20 12:40:59] Merged unallocated space into drive D.
[2025-06-20 12:41:06] Refreshed drive information.
[2025-06-20 12:41:17] Refreshed drive information.
[2025-06-20 12:42:45] Refreshed drive information.
[2025-06-20 13:45:15] Refreshed drive information.
[2025-06-20 13:45:59] Refreshed drive information.
[2025-06-20 13:46:29] Refreshed drive information.
[2025-06-20 13:47:30] Failed to shrink D: Resize-Partition : Access to a CIM resource was not available to the client.
At line:5 char:9
+         Resize-Partition -DriveLetter D -Size ($part.Size - $sizeToSh ...
+         ~~~~~~~~~~~~~~~~~~~~~~~~~~~~~~~~~~~~~~~~~~~~~~~~~~~~~~~~~~~~~
    + CategoryInfo          : PermissionDenied: (MSFT_Partition ...crosoft/Win...):ROOT/Microsoft/.../MSFT_Partition) [Resize-Partition],  
   CimException
    + FullyQualifiedErrorId : MI RESULT 2,Resize-Partition
 

[2025-06-20 13:49:13] Refreshed drive information.
[2025-06-20 13:50:06] Failed to shrink D: Resize-Partition : Access to a CIM resource was not available to the client.
At line:5 char:9
+         Resize-Partition -DriveLetter D -Size ($part.Size - $sizeToSh ...
+         ~~~~~~~~~~~~~~~~~~~~~~~~~~~~~~~~~~~~~~~~~~~~~~~~~~~~~~~~~~~~~
    + CategoryInfo          : PermissionDenied: (MSFT_Partition ...crosoft/Win...):ROOT/Microsoft 
   /.../MSFT_Partition) [Resize-Partition], CimException
    + FullyQualifiedErrorId : MI RESULT 2,Resize-Partition
 

[2025-06-20 13:50:56] Refreshed drive information.
[2025-06-20 13:52:05] Refreshed drive information.
[2025-06-20 13:52:18] Shrunk D: by 5000MB.
[2025-06-20 13:52:35] Refreshed drive information.
[2025-06-20 14:08:07] Refreshed drive information.
[2025-06-20 14:09:32] Shrunk D: by 5000MB.
[2025-06-20 14:09:43] Refreshed drive information.
